<?xml version="1.0" encoding="UTF-8"?>
<!-- Generated by org.testng.reporters.JUnitXMLReporter -->
<testsuite hostname="DHAKSHAN-VAIO" name="Test" tests="5" failures="0" timestamp="27 Jul 2015 21:16:03 GMT" time="0.094" errors="0">
  <testcase name="@BeforeMethod setUp" time="0.0" classname="testNG.DataProviderLogin">
    <failure type="org.testng.TestNGException" message="
Parameter &amp;apos;browser&amp;apos; is required by @Configuration on method setUp but has not been marked @Optional or defined
in C:\seleniumNewdownloads\backupworkspace\SeleniumProject\testng.xml">
      <![CDATA[org.testng.TestNGException: 
Parameter 'browser' is required by @Configuration on method setUp but has not been marked @Optional or defined
in C:\seleniumNewdownloads\backupworkspace\SeleniumProject\testng.xml
... Removed 23 stack frames]]>
    </failure>
  </testcase> <!-- @BeforeMethod setUp -->
  <testcase name="@AfterMethod tearDown" time="0.0" classname="testNG.DataProviderLogin">
    <skipped/>
  </testcase> <!-- @AfterMethod tearDown -->
  <testcase name="@BeforeMethod setUp" time="0.0" classname="testNG.DataProviderLogin">
    <skipped/>
  </testcase> <!-- @BeforeMethod setUp -->
  <testcase name="@AfterMethod tearDown" time="0.0" classname="testNG.DataProviderLogin">
    <skipped/>
  </testcase> <!-- @AfterMethod tearDown -->
  <testcase name="@BeforeMethod setUp" time="0.0" classname="testNG.GmailLoginTest">
    <skipped/>
  </testcase> <!-- @BeforeMethod setUp -->
  <testcase name="@AfterMethod tearDown" time="0.0" classname="testNG.GmailLoginTest">
    <skipped/>
  </testcase> <!-- @AfterMethod tearDown -->
  <testcase name="@BeforeMethod setUp" time="0.0" classname="testNG.GmailLoginTest">
    <skipped/>
  </testcase> <!-- @BeforeMethod setUp -->
  <testcase name="@AfterMethod tearDown" time="0.0" classname="testNG.GmailLoginTest">
    <skipped/>
  </testcase> <!-- @AfterMethod tearDown -->
  <testcase name="loginTest" time="0.015" classname="testNG.DataProviderLogin">
    <skipped/>
  </testcase> <!-- loginTest -->
  <testcase name="verifyCreateAccountLink" time="0.011" classname="testNG.DataProviderLogin">
    <skipped/>
  </testcase> <!-- verifyCreateAccountLink -->
  <testcase name="verifyNeedHelpLink" time="0.001" classname="testNG.DataProviderLogin">
    <skipped/>
  </testcase> <!-- verifyNeedHelpLink -->
  <testcase name="loginTest" time="0.002" classname="testNG.GmailLoginTest">
    <skipped/>
  </testcase> <!-- loginTest -->
  <testcase name="verifyCreateAccountLink" time="0.001" classname="testNG.GmailLoginTest">
    <skipped/>
  </testcase> <!-- verifyCreateAccountLink -->
</testsuite> <!-- Test -->
