<?xml version="1.0" encoding="UTF-8"?>
<!-- Generated by org.testng.reporters.JUnitXMLReporter -->
<testsuite hostname="DHAKSHAN-VAIO" name="Test" tests="3" failures="0" timestamp="23 Jun 2016 20:09:14 GMT" time="0.071" errors="0">
  <testcase name="@BeforeClass setUp" time="0.0" classname="com.beachbody.Tbb_ordercreation">
    <failure type="org.testng.TestNGException" message="
Parameter &amp;apos;browser&amp;apos; is required by @Configuration on method setUp
but has not been marked @Optional or defined in C:\seleniumNewdownloads\backupworkspace\Shivafinal\testng.xml">
      <![CDATA[org.testng.TestNGException: 
Parameter 'browser' is required by @Configuration on method setUp
but has not been marked @Optional or defined in C:\seleniumNewdownloads\backupworkspace\Shivafinal\testng.xml
... Removed 21 stack frames]]>
    </failure>
  </testcase>
  <testcase name="@AfterClass tearDown" time="0.0" classname="com.beachbody.Tbb_ordercreation">
    <skipped/>
  </testcase>
  <testcase name="login" time="0.002" classname="com.beachbody.Tbb_ordercreation">
    <skipped/>
  </testcase>
  <testcase name="searchitem" time="0.013" classname="com.beachbody.Tbb_ordercreation">
    <skipped/>
  </testcase>
  <testcase name="checkout" time="0.002" classname="com.beachbody.Tbb_ordercreation">
    <skipped/>
  </testcase>
</testsuite>
